nohup: ignoring input
WARNING: Method definition eigvals(ApproxFunBase.Operator{T} where T, Integer) in module ApproxFunBase at /home/cyounes/.julia/packages/ApproxFunBase/wPgxd/src/eigen.jl:4 overwritten in module ApproxFun at /home/cyounes/.julia/packages/ApproxFun/GDlBJ/src/Extras/eigs.jl:4.
ERROR: Method overwriting is not permitted during Module precompilation. Use `__precompile__(false)` to opt-out of precompilation.
WARNING: Method definition eigvals(ApproxFunBase.Operator{T} where T, Integer) in module ApproxFunBase at /home/cyounes/.julia/packages/ApproxFunBase/wPgxd/src/eigen.jl:4 overwritten in module ApproxFun at /home/cyounes/.julia/packages/ApproxFun/GDlBJ/src/Extras/eigs.jl:4.
ERROR: Method overwriting is not permitted during Module precompilation. Use `__precompile__(false)` to opt-out of precompilation.

[1898626] signal 15: Terminated
in expression starting at /home/cyounes/SpikeEstimation2/Example2.jl:323
pthread_cond_wait at /lib/x86_64-linux-gnu/libpthread.so.0 (unknown line)
uv_cond_wait at /workspace/srcdir/libuv/src/unix/thread.c:822
jl_parallel_gc_threadfun at /cache/build/builder-demeter6-3/julialang/julia-release-1-dot-11/src/scheduler.c:148
start_thread at /lib/x86_64-linux-gnu/libpthread.so.0 (unknown line)
clone at /lib/x86_64-linux-gnu/libc.so.6 (unknown line)
unknown function (ip: (nil))
pthread_cond_wait at /lib/x86_64-linux-gnu/libpthread.so.0 (unknown line)
uv_cond_wait at /workspace/srcdir/libuv/src/unix/thread.c:822
jl_parallel_gc_threadfun at /cache/build/builder-demeter6-3/julialang/julia-release-1-dot-11/src/scheduler.c:148
start_thread at /lib/x86_64-linux-gnu/libpthread.so.0 (unknown line)
clone at /lib/x86_64-linux-gnu/libc.so.6 (unknown line)
unknown function (ip: (nil))
getindex at ./essentials.jl:917 [inlined]
getindex at ./array.jl:930 [inlined]
macro expansion at /cache/build/builder-demeter6-3/julialang/julia-release-1-dot-11/usr/share/julia/stdlib/v1.11/LinearAlgebra/src/matmul.jl:896 [inlined]
macro expansion at ./simdloop.jl:77 [inlined]
_generic_matmatmul! at /cache/build/builder-demeter6-3/julialang/julia-release-1-dot-11/usr/share/julia/stdlib/v1.11/LinearAlgebra/src/matmul.jl:895
generic_matmatmul! at /cache/build/builder-demeter6-3/julialang/julia-release-1-dot-11/usr/share/julia/stdlib/v1.11/LinearAlgebra/src/matmul.jl:868 [inlined]
_mul! at /cache/build/builder-demeter6-3/julialang/julia-release-1-dot-11/usr/share/julia/stdlib/v1.11/LinearAlgebra/src/matmul.jl:287 [inlined]
mul! at /cache/build/builder-demeter6-3/julialang/julia-release-1-dot-11/usr/share/julia/stdlib/v1.11/LinearAlgebra/src/matmul.jl:285 [inlined]
_mat_mat_scalar at /cache/build/builder-demeter6-3/julialang/julia-release-1-dot-11/usr/share/julia/stdlib/v1.11/LinearAlgebra/src/matmul.jl:1166 [inlined]
mat_mat_scalar at /cache/build/builder-demeter6-3/julialang/julia-release-1-dot-11/usr/share/julia/stdlib/v1.11/LinearAlgebra/src/matmul.jl:1160 [inlined]
* at /cache/build/builder-demeter6-3/julialang/julia-release-1-dot-11/usr/share/julia/stdlib/v1.11/LinearAlgebra/src/matmul.jl:1124 [inlined]
macro expansion at /home/cyounes/SpikeEstimation2/Example2.jl:126 [inlined]
#273#threadsfor_fun#32 at ./threadingconstructs.jl:253
#273#threadsfor_fun at ./threadingconstructs.jl:220 [inlined]
#1 at ./threadingconstructs.jl:154
unknown function (ip: 0x7f800058afef)
jl_apply at /cache/build/builder-demeter6-3/julialang/julia-release-1-dot-11/src/julia.h:2157 [inlined]
start_task at /cache/build/builder-demeter6-3/julialang/julia-release-1-dot-11/src/task.c:1202
unknown function (ip: (nil))
Float64 at ./float.jl:239 [inlined]
convert at ./number.jl:7 [inlined]
_promote at ./promotion.jl:384 [inlined]
promote at ./promotion.jl:406 [inlined]
muladd at ./promotion.jl:481 [inlined]
macro expansion at /cache/build/builder-demeter6-3/julialang/julia-release-1-dot-11/usr/share/julia/stdlib/v1.11/LinearAlgebra/src/matmul.jl:896 [inlined]
macro expansion at ./simdloop.jl:77 [inlined]
_generic_matmatmul! at /cache/build/builder-demeter6-3/julialang/julia-release-1-dot-11/usr/share/julia/stdlib/v1.11/LinearAlgebra/src/matmul.jl:895
generic_matmatmul! at /cache/build/builder-demeter6-3/julialang/julia-release-1-dot-11/usr/share/julia/stdlib/v1.11/LinearAlgebra/src/matmul.jl:868 [inlined]
_mul! at /cache/build/builder-demeter6-3/julialang/julia-release-1-dot-11/usr/share/julia/stdlib/v1.11/LinearAlgebra/src/matmul.jl:287 [inlined]
mul! at /cache/build/builder-demeter6-3/julialang/julia-release-1-dot-11/usr/share/julia/stdlib/v1.11/LinearAlgebra/src/matmul.jl:285 [inlined]
_mat_mat_scalar at /cache/build/builder-demeter6-3/julialang/julia-release-1-dot-11/usr/share/julia/stdlib/v1.11/LinearAlgebra/src/matmul.jl:1166 [inlined]
mat_mat_scalar at /cache/build/builder-demeter6-3/julialang/julia-release-1-dot-11/usr/share/julia/stdlib/v1.11/LinearAlgebra/src/matmul.jl:1160 [inlined]
* at /cache/build/builder-demeter6-3/julialang/julia-release-1-dot-11/usr/share/julia/stdlib/v1.11/LinearAlgebra/src/matmul.jl:1124 [inlined]
macro expansion at /home/cyounes/SpikeEstimation2/Example2.jl:126 [inlined]
#273#threadsfor_fun#32 at ./threadingconstructs.jl:253
#273#threadsfor_fun at ./threadingconstructs.jl:220 [inlined]
#1 at ./threadingconstructs.jl:154
unknown function (ip: 0x7f800058afef)
jl_apply at /cache/build/builder-demeter6-3/julialang/julia-release-1-dot-11/src/julia.h:2157 [inlined]
start_task at /cache/build/builder-demeter6-3/julialang/julia-release-1-dot-11/src/task.c:1202
unknown function (ip: (nil))
pthread_cond_wait at /lib/x86_64-linux-gnu/libpthread.so.0 (unknown line)
uv_cond_wait at /workspace/srcdir/libuv/src/unix/thread.c:822
jl_safepoint_wait_gc at /cache/build/builder-demeter6-3/julialang/julia-release-1-dot-11/src/safepoint.c:245
jl_safepoint_start_gc at /cache/build/builder-demeter6-3/julialang/julia-release-1-dot-11/src/safepoint.c:180
ijl_gc_collect at /cache/build/builder-demeter6-3/julialang/julia-release-1-dot-11/src/gc.c:3856
maybe_collect at /cache/build/builder-demeter6-3/julialang/julia-release-1-dot-11/src/gc.c:922 [inlined]
jl_gc_pool_alloc_inner at /cache/build/builder-demeter6-3/julialang/julia-release-1-dot-11/src/gc.c:1324
ijl_gc_pool_alloc_instrumented at /cache/build/builder-demeter6-3/julialang/julia-release-1-dot-11/src/gc.c:1382
Box at ./boot.jl:435 [inlined]
already_inserted_ssa at ./compiler/ssair/passes.jl:355 [inlined]
process_node! at ./compiler/ssair/ir.jl:1357
iterate_compact at ./compiler/ssair/ir.jl:1809
iterate at ./compiler/ssair/ir.jl:1731 [inlined]
ir_inline_item! at ./compiler/ssair/inlining.jl:472
ir_inline_unionsplit! at ./compiler/ssair/inlining.jl:611
batch_inline! at ./compiler/ssair/inlining.jl:702
ssa_inlining_pass! at ./compiler/ssair/inlining.jl:81 [inlined]
run_passes_ipo_safe at ./compiler/optimize.jl:994
run_passes_ipo_safe at ./compiler/optimize.jl:1009 [inlined]
optimize at ./compiler/optimize.jl:983
jfptr_optimize_42723.1 at /snap/julia/129/lib/julia/sys.so (unknown line)
finish_nocycle at ./compiler/typeinfer.jl:265
_typeinf at ./compiler/typeinfer.jl:249
typeinf at ./compiler/typeinfer.jl:215
typeinf_edge at ./compiler/typeinfer.jl:923
abstract_call_method at ./compiler/abstractinterpretation.jl:660
abstract_call_gf_by_type at ./compiler/abstractinterpretation.jl:102
abstract_call_known at ./compiler/abstractinterpretation.jl:2200
abstract_call at ./compiler/abstractinterpretation.jl:2282
abstract_call at ./compiler/abstractinterpretation.jl:2275
abstract_call at ./compiler/abstractinterpretation.jl:2420
abstract_eval_call at ./compiler/abstractinterpretation.jl:2435
abstract_eval_statement_expr at ./compiler/abstractinterpretation.jl:2451
abstract_eval_statement at ./compiler/abstractinterpretation.jl:2749
abstract_eval_basic_statement at ./compiler/abstractinterpretation.jl:3065
typeinf_local at ./compiler/abstractinterpretation.jl:3319
typeinf_nocycle at ./compiler/abstractinterpretation.jl:3401
_typeinf at ./compiler/typeinfer.jl:244
typeinf at ./compiler/typeinfer.jl:215
typeinf_edge at ./compiler/typeinfer.jl:923
abstract_call_method at ./compiler/abstractinterpretation.jl:660
abstract_call_gf_by_type at ./compiler/abstractinterpretation.jl:102
abstract_call_known at ./compiler/abstractinterpretation.jl:2200
abstract_call at ./compiler/abstractinterpretation.jl:2282
abstract_call at ./compiler/abstractinterpretation.jl:2275
abstract_call at ./compiler/abstractinterpretation.jl:2420
abstract_eval_call at ./compiler/abstractinterpretation.jl:2435
abstract_eval_statement_expr at ./compiler/abstractinterpretation.jl:2451
abstract_eval_statement at ./compiler/abstractinterpretation.jl:2749
abstract_eval_basic_statement at ./compiler/abstractinterpretation.jl:3065
typeinf_local at ./compiler/abstractinterpretation.jl:3319
typeinf_nocycle at ./compiler/abstractinterpretation.jl:3401
_typeinf at ./compiler/typeinfer.jl:244
typeinf at ./compiler/typeinfer.jl:215
typeinf_edge at ./compiler/typeinfer.jl:923
abstract_call_method at ./compiler/abstractinterpretation.jl:660
abstract_call_gf_by_type at ./compiler/abstractinterpretation.jl:102
abstract_call_known at ./compiler/abstractinterpretation.jl:2200
abstract_call at ./compiler/abstractinterpretation.jl:2282
abstract_call at ./compiler/abstractinterpretation.jl:2275
abstract_call at ./compiler/abstractinterpretation.jl:2420
abstract_eval_call at ./compiler/abstractinterpretation.jl:2435
abstract_eval_statement_expr at ./compiler/abstractinterpretation.jl:2451
abstract_eval_statement at ./compiler/abstractinterpretation.jl:2749
abstract_eval_basic_statement at ./compiler/abstractinterpretation.jl:3065
typeinf_local at ./compiler/abstractinterpretation.jl:3319
typeinf_nocycle at ./compiler/abstractinterpretation.jl:3401
_typeinf at ./compiler/typeinfer.jl:244
typeinf at ./compiler/typeinfer.jl:215
typeinf_edge at ./compiler/typeinfer.jl:923
abstract_call_method at ./compiler/abstractinterpretation.jl:660
abstract_call_gf_by_type at ./compiler/abstractinterpretation.jl:102
abstract_call_known at ./compiler/abstractinterpretation.jl:2200
abstract_call at ./compiler/abstractinterpretation.jl:2282
abstract_call at ./compiler/abstractinterpretation.jl:2275
abstract_call at ./compiler/abstractinterpretation.jl:2420
abstract_eval_call at ./compiler/abstractinterpretation.jl:2435
abstract_eval_statement_expr at ./compiler/abstractinterpretation.jl:2451
abstract_eval_statement at ./compiler/abstractinterpretation.jl:2749
abstract_eval_basic_statement at ./compiler/abstractinterpretation.jl:3065
typeinf_local at ./compiler/abstractinterpretation.jl:3319
typeinf_nocycle at ./compiler/abstractinterpretation.jl:3401
_typeinf at ./compiler/typeinfer.jl:244
typeinf at ./compiler/typeinfer.jl:215
typeinf_edge at ./compiler/typeinfer.jl:923
abstract_call_method at ./compiler/abstractinterpretation.jl:660
abstract_call_gf_by_type at ./compiler/abstractinterpretation.jl:102
abstract_call_known at ./compiler/abstractinterpretation.jl:2200
abstract_call at ./compiler/abstractinterpretation.jl:2282
abstract_call at ./compiler/abstractinterpretation.jl:2275
abstract_call at ./compiler/abstractinterpretation.jl:2420
abstract_eval_call at ./compiler/abstractinterpretation.jl:2435
abstract_eval_statement_expr at ./compiler/abstractinterpretation.jl:2451
abstract_eval_statement at ./compiler/abstractinterpretation.jl:2749
abstract_eval_basic_statement at ./compiler/abstractinterpretation.jl:3065
typeinf_local at ./compiler/abstractinterpretation.jl:3319
typeinf_nocycle at ./compiler/abstractinterpretation.jl:3401
_typeinf at ./compiler/typeinfer.jl:244
typeinf at ./compiler/typeinfer.jl:215
typeinf_edge at ./compiler/typeinfer.jl:923
abstract_call_method at ./compiler/abstractinterpretation.jl:660
abstract_call_gf_by_type at ./compiler/abstractinterpretation.jl:102
abstract_call_known at ./compiler/abstractinterpretation.jl:2200
abstract_call at ./compiler/abstractinterpretation.jl:2282
abstract_call at ./compiler/abstractinterpretation.jl:2275
abstract_call at ./compiler/abstractinterpretation.jl:2420
abstract_eval_call at ./compiler/abstractinterpretation.jl:2435
abstract_eval_statement_expr at ./compiler/abstractinterpretation.jl:2451
abstract_eval_statement at ./compiler/abstractinterpretation.jl:2749
abstract_eval_basic_statement at ./compiler/abstractinterpretation.jl:3065
typeinf_local at ./compiler/abstractinterpretation.jl:3319
typeinf_nocycle at ./compiler/abstractinterpretation.jl:3401
_typeinf at ./compiler/typeinfer.jl:244
typeinf at ./compiler/typeinfer.jl:215
typeinf_edge at ./compiler/typeinfer.jl:923
abstract_call_method at ./compiler/abstractinterpretation.jl:660
abstract_call_gf_by_type at ./compiler/abstractinterpretation.jl:102
abstract_call_known at ./compiler/abstractinterpretation.jl:2200
abstract_call at ./compiler/abstractinterpretation.jl:2282
abstract_call at ./compiler/abstractinterpretation.jl:2275
abstract_call at ./compiler/abstractinterpretation.jl:2420
abstract_eval_call at ./compiler/abstractinterpretation.jl:2435
abstract_eval_statement_expr at ./compiler/abstractinterpretation.jl:2451
abstract_eval_statement at ./compiler/abstractinterpretation.jl:2749
abstract_eval_basic_statement at ./compiler/abstractinterpretation.jl:3065
typeinf_local at ./compiler/abstractinterpretation.jl:3319
typeinf_nocycle at ./compiler/abstractinterpretation.jl:3401
_typeinf at ./compiler/typeinfer.jl:244
typeinf at ./compiler/typeinfer.jl:215
typeinf_edge at ./compiler/typeinfer.jl:923
abstract_call_method at ./compiler/abstractinterpretation.jl:660
abstract_call_gf_by_type at ./compiler/abstractinterpretation.jl:102
abstract_call_known at ./compiler/abstractinterpretation.jl:2200
abstract_call at ./compiler/abstractinterpretation.jl:2282
abstract_call at ./compiler/abstractinterpretation.jl:2275
abstract_call at ./compiler/abstractinterpretation.jl:2420
abstract_eval_call at ./compiler/abstractinterpretation.jl:2435
abstract_eval_statement_expr at ./compiler/abstractinterpretation.jl:2451
abstract_eval_statement at ./compiler/abstractinterpretation.jl:2749
abstract_eval_basic_statement at ./compiler/abstractinterpretation.jl:3065
typeinf_local at ./compiler/abstractinterpretation.jl:3319
typeinf_nocycle at ./compiler/abstractinterpretation.jl:3401
_typeinf at ./compiler/typeinfer.jl:244
typeinf at ./compiler/typeinfer.jl:215
typeinf_edge at ./compiler/typeinfer.jl:923
abstract_call_method at ./compiler/abstractinterpretation.jl:660
abstract_call_gf_by_type at ./compiler/abstractinterpretation.jl:102
abstract_call_known at ./compiler/abstractinterpretation.jl:2200
abstract_call at ./compiler/abstractinterpretation.jl:2282
abstract_call at ./compiler/abstractinterpretation.jl:2275
abstract_call at ./compiler/abstractinterpretation.jl:2420
abstract_eval_call at ./compiler/abstractinterpretation.jl:2435
abstract_eval_statement_expr at ./compiler/abstractinterpretation.jl:2451
abstract_eval_statement at ./compiler/abstractinterpretation.jl:2749
abstract_eval_basic_statement at ./compiler/abstractinterpretation.jl:3065
typeinf_local at ./compiler/abstractinterpretation.jl:3319
typeinf_nocycle at ./compiler/abstractinterpretation.jl:3401
_typeinf at ./compiler/typeinfer.jl:244
typeinf at ./compiler/typeinfer.jl:215
typeinf_edge at ./compiler/typeinfer.jl:923
abstract_call_method at ./compiler/abstractinterpretation.jl:660
abstract_call_gf_by_type at ./compiler/abstractinterpretation.jl:102
abstract_call_unknown at ./compiler/abstractinterpretation.jl:2269
abstract_call at ./compiler/abstractinterpretation.jl:2279
abstract_call at ./compiler/abstractinterpretation.jl:2275
abstract_call at ./compiler/abstractinterpretation.jl:2420
abstract_eval_call at ./compiler/abstractinterpretation.jl:2435
abstract_eval_statement_expr at ./compiler/abstractinterpretation.jl:2451
abstract_eval_statement at ./compiler/abstractinterpretation.jl:2749
abstract_eval_basic_statement at ./compiler/abstractinterpretation.jl:3065
typeinf_local at ./compiler/abstractinterpretation.jl:3319
typeinf_nocycle at ./compiler/abstractinterpretation.jl:3401
_typeinf at ./compiler/typeinfer.jl:244
typeinf at ./compiler/typeinfer.jl:215
typeinf_edge at ./compiler/typeinfer.jl:923
abstract_call_method at ./compiler/abstractinterpretation.jl:660
abstract_call_gf_by_type at ./compiler/abstractinterpretation.jl:102
abstract_call_unknown at ./compiler/abstractinterpretation.jl:2269
abstract_call at ./compiler/abstractinterpretation.jl:2279
abstract_call at ./compiler/abstractinterpretation.jl:2275
abstract_call at ./compiler/abstractinterpretation.jl:2420
abstract_eval_call at ./compiler/abstractinterpretation.jl:2435
abstract_eval_statement_expr at ./compiler/abstractinterpretation.jl:2451
abstract_eval_statement at ./compiler/abstractinterpretation.jl:2749
abstract_eval_basic_statement at ./compiler/abstractinterpretation.jl:3065
typeinf_local at ./compiler/abstractinterpretation.jl:3319
typeinf_nocycle at ./compiler/abstractinterpretation.jl:3401
_typeinf at ./compiler/typeinfer.jl:244
typeinf at ./compiler/typeinfer.jl:215
typeinf_ext at ./compiler/typeinfer.jl:1101
typeinf_ext_toplevel at ./compiler/typeinfer.jl:1139
typeinf_ext_toplevel at ./compiler/typeinfer.jl:1135
jfptr_typeinf_ext_toplevel_39915.1 at /snap/julia/129/lib/julia/sys.so (unknown line)
jl_apply at /cache/build/builder-demeter6-3/julialang/julia-release-1-dot-11/src/julia.h:2157 [inlined]
jl_type_infer at /cache/build/builder-demeter6-3/julialang/julia-release-1-dot-11/src/gf.c:390
jl_generate_fptr_impl at /cache/build/builder-demeter6-3/julialang/julia-release-1-dot-11/src/jitlayers.cpp:519
jl_compile_method_internal at /cache/build/builder-demeter6-3/julialang/julia-release-1-dot-11/src/gf.c:2536 [inlined]
jl_compile_method_internal at /cache/build/builder-demeter6-3/julialang/julia-release-1-dot-11/src/gf.c:2423
_jl_invoke at /cache/build/builder-demeter6-3/julialang/julia-release-1-dot-11/src/gf.c:2940 [inlined]
ijl_apply_generic at /cache/build/builder-demeter6-3/julialang/julia-release-1-dot-11/src/gf.c:3125
jl_apply at /cache/build/builder-demeter6-3/julialang/julia-release-1-dot-11/src/julia.h:2157 [inlined]
start_task at /cache/build/builder-demeter6-3/julialang/julia-release-1-dot-11/src/task.c:1202
unknown function (ip: (nil))
setindex! at ./array.jl:994 [inlined]
macro expansion at /cache/build/builder-demeter6-3/julialang/julia-release-1-dot-11/usr/share/julia/stdlib/v1.11/LinearAlgebra/src/matmul.jl:896 [inlined]
macro expansion at ./simdloop.jl:77 [inlined]
_generic_matmatmul! at /cache/build/builder-demeter6-3/julialang/julia-release-1-dot-11/usr/share/julia/stdlib/v1.11/LinearAlgebra/src/matmul.jl:895
generic_matmatmul! at /cache/build/builder-demeter6-3/julialang/julia-release-1-dot-11/usr/share/julia/stdlib/v1.11/LinearAlgebra/src/matmul.jl:868 [inlined]
_mul! at /cache/build/builder-demeter6-3/julialang/julia-release-1-dot-11/usr/share/julia/stdlib/v1.11/LinearAlgebra/src/matmul.jl:287 [inlined]
mul! at /cache/build/builder-demeter6-3/julialang/julia-release-1-dot-11/usr/share/julia/stdlib/v1.11/LinearAlgebra/src/matmul.jl:285 [inlined]
_mat_mat_scalar at /cache/build/builder-demeter6-3/julialang/julia-release-1-dot-11/usr/share/julia/stdlib/v1.11/LinearAlgebra/src/matmul.jl:1166 [inlined]
mat_mat_scalar at /cache/build/builder-demeter6-3/julialang/julia-release-1-dot-11/usr/share/julia/stdlib/v1.11/LinearAlgebra/src/matmul.jl:1160 [inlined]
* at /cache/build/builder-demeter6-3/julialang/julia-release-1-dot-11/usr/share/julia/stdlib/v1.11/LinearAlgebra/src/matmul.jl:1124 [inlined]
macro expansion at /home/cyounes/SpikeEstimation2/Example2.jl:126 [inlined]
#273#threadsfor_fun#32 at ./threadingconstructs.jl:253
#273#threadsfor_fun at ./threadingconstructs.jl:220 [inlined]
#1 at ./threadingconstructs.jl:154
unknown function (ip: 0x7f800058afef)
jl_apply at /cache/build/builder-demeter6-3/julialang/julia-release-1-dot-11/src/julia.h:2157 [inlined]
start_task at /cache/build/builder-demeter6-3/julialang/julia-release-1-dot-11/src/task.c:1202
unknown function (ip: (nil))
pthread_cond_wait at /lib/x86_64-linux-gnu/libpthread.so.0 (unknown line)
uv_cond_wait at /workspace/srcdir/libuv/src/unix/thread.c:822
jl_safepoint_wait_gc at /cache/build/builder-demeter6-3/julialang/julia-release-1-dot-11/src/safepoint.c:245 [inlined]
jl_set_gc_and_wait at /cache/build/builder-demeter6-3/julialang/julia-release-1-dot-11/src/safepoint.c:224
segv_handler at /cache/build/builder-demeter6-3/julialang/julia-release-1-dot-11/src/signals-unix.c:368 [inlined]
segv_handler at /cache/build/builder-demeter6-3/julialang/julia-release-1-dot-11/src/signals-unix.c:355
_IO_funlockfile at /lib/x86_64-linux-gnu/libpthread.so.0 (unknown line)
_jl_mutex_wait at /cache/build/builder-demeter6-3/julialang/julia-release-1-dot-11/src/threading.c:876
unknown function (ip: (nil))
pthread_cond_wait at /lib/x86_64-linux-gnu/libpthread.so.0 (unknown line)
uv_cond_wait at /workspace/srcdir/libuv/src/unix/thread.c:822
jl_gc_wait_for_the_world at /cache/build/builder-demeter6-3/julialang/julia-release-1-dot-11/src/safepoint.c:154
ijl_gc_collect at /cache/build/builder-demeter6-3/julialang/julia-release-1-dot-11/src/gc.c:3882
maybe_collect at /cache/build/builder-demeter6-3/julialang/julia-release-1-dot-11/src/gc.c:922 [inlined]
jl_gc_pool_alloc_inner at /cache/build/builder-demeter6-3/julialang/julia-release-1-dot-11/src/gc.c:1324
jl_gc_alloc_ at /cache/build/builder-demeter6-3/julialang/julia-release-1-dot-11/src/julia_internal.h:523 [inlined]
_new_genericmemory_ at /cache/build/builder-demeter6-3/julialang/julia-release-1-dot-11/src/genericmemory.c:56 [inlined]
jl_alloc_genericmemory at /cache/build/builder-demeter6-3/julialang/julia-release-1-dot-11/src/genericmemory.c:99
GenericMemory at ./boot.jl:516 [inlined]
new_as_memoryref at ./boot.jl:535 [inlined]
Array at ./boot.jl:582 [inlined]
Array at ./boot.jl:592 [inlined]
similar at ./array.jl:372 [inlined]
similar at ./abstractarray.jl:824 [inlined]
_mat_mat_scalar at /cache/build/builder-demeter6-3/julialang/julia-release-1-dot-11/usr/share/julia/stdlib/v1.11/LinearAlgebra/src/matmul.jl:1165 [inlined]
mat_mat_scalar at /cache/build/builder-demeter6-3/julialang/julia-release-1-dot-11/usr/share/julia/stdlib/v1.11/LinearAlgebra/src/matmul.jl:1160 [inlined]
* at /cache/build/builder-demeter6-3/julialang/julia-release-1-dot-11/usr/share/julia/stdlib/v1.11/LinearAlgebra/src/matmul.jl:1124 [inlined]
macro expansion at /home/cyounes/SpikeEstimation2/Example2.jl:126 [inlined]
#273#threadsfor_fun#32 at ./threadingconstructs.jl:253
#273#threadsfor_fun at ./threadingconstructs.jl:220 [inlined]
#1 at ./threadingconstructs.jl:154
unknown function (ip: 0x7f800058afef)
jl_apply at /cache/build/builder-demeter6-3/julialang/julia-release-1-dot-11/src/julia.h:2157 [inlined]
start_task at /cache/build/builder-demeter6-3/julialang/julia-release-1-dot-11/src/task.c:1202
unknown function (ip: (nil))
Allocations: 357561096 (Pool: 357558500; Big: 2596); GC: 6456
