   Resolving package versions...
  No Changes to `~/.julia/environments/v1.10/Project.toml`
  No Changes to `~/.julia/environments/v1.10/Manifest.toml`
Precompiling project...
  ? ApproxFun
  ? TracyWidomBeta
   Resolving package versions...
  No Changes to `~/.julia/environments/v1.10/Project.toml`
  No Changes to `~/.julia/environments/v1.10/Manifest.toml`
Precompiling project...
  ? ApproxFun
  ? TracyWidomBeta
   Resolving package versions...
  No Changes to `~/.julia/environments/v1.10/Project.toml`
  No Changes to `~/.julia/environments/v1.10/Manifest.toml`
Precompiling project...
  ? ApproxFun
  ? TracyWidomBeta
   Resolving package versions...
  No Changes to `~/.julia/environments/v1.10/Project.toml`
  No Changes to `~/.julia/environments/v1.10/Manifest.toml`
Precompiling project...
  ? ApproxFun
  ? TracyWidomBeta
   Resolving package versions...
  No Changes to `~/.julia/environments/v1.10/Project.toml`
  No Changes to `~/.julia/environments/v1.10/Manifest.toml`
Precompiling project...
  ? ApproxFun
  ? TracyWidomBeta
   Resolving package versions...
  No Changes to `~/.julia/environments/v1.10/Project.toml`
  No Changes to `~/.julia/environments/v1.10/Manifest.toml`
Precompiling project...
  ? ApproxFun
  ? TracyWidomBeta
   Resolving package versions...
  No Changes to `~/.julia/environments/v1.10/Project.toml`
  No Changes to `~/.julia/environments/v1.10/Manifest.toml`
Precompiling project...
  ? ApproxFun
  ? TracyWidomBeta
   Resolving package versions...
  No Changes to `~/.julia/environments/v1.10/Project.toml`
  No Changes to `~/.julia/environments/v1.10/Manifest.toml`
Precompiling project...
  ? ApproxFun
  ? TracyWidomBeta
   Resolving package versions...
  No Changes to `~/.julia/environments/v1.10/Project.toml`
  No Changes to `~/.julia/environments/v1.10/Manifest.toml`
Precompiling project...
  ? ApproxFun
  ? TracyWidomBeta
   Resolving package versions...
  No Changes to `~/.julia/environments/v1.10/Project.toml`
  No Changes to `~/.julia/environments/v1.10/Manifest.toml`
Precompiling project...
  ? ApproxFun
  ? TracyWidomBeta
WARNING: Method definition eigvals(ApproxFunBase.Operator{T} where T, Integer) in module ApproxFunBase at /mmfs1/home/cyounes/.julia/packages/ApproxFunBase/wPgxd/src/eigen.jl:4 overwritten in module ApproxFun at /mmfs1/home/cyounes/.julia/packages/ApproxFun/GDlBJ/src/Extras/eigs.jl:4.
ERROR: Method overwriting is not permitted during Module precompilation. Use `__precompile__(false)` to opt-out of precompilation.
WARNING: Method definition eigvals(ApproxFunBase.Operator{T} where T, Integer) in module ApproxFunBase at /mmfs1/home/cyounes/.julia/packages/ApproxFunBase/wPgxd/src/eigen.jl:4 overwritten in module ApproxFun at /mmfs1/home/cyounes/.julia/packages/ApproxFun/GDlBJ/src/Extras/eigs.jl:4.
ERROR: Method overwriting is not permitted during Module precompilation. Use `__precompile__(false)` to opt-out of precompilation.
δ=1.5
δ=1.51
δ=1.52
