   Resolving package versions...
  No Changes to `~/.julia/environments/v1.10/Project.toml`
  No Changes to `~/.julia/environments/v1.10/Manifest.toml`
Precompiling project...
  ? ApproxFun
  ? TracyWidomBeta
   Resolving package versions...
  No Changes to `~/.julia/environments/v1.10/Project.toml`
  No Changes to `~/.julia/environments/v1.10/Manifest.toml`
Precompiling project...
  ? ApproxFun
  ? TracyWidomBeta
   Resolving package versions...
  No Changes to `~/.julia/environments/v1.10/Project.toml`
  No Changes to `~/.julia/environments/v1.10/Manifest.toml`
Precompiling project...
  ? ApproxFun
  ? TracyWidomBeta
   Resolving package versions...
  No Changes to `~/.julia/environments/v1.10/Project.toml`
  No Changes to `~/.julia/environments/v1.10/Manifest.toml`
Precompiling project...
  ? ApproxFun
  ? TracyWidomBeta
   Resolving package versions...
  No Changes to `~/.julia/environments/v1.10/Project.toml`
  No Changes to `~/.julia/environments/v1.10/Manifest.toml`
Precompiling project...
  ? ApproxFun
  ? TracyWidomBeta
   Resolving package versions...
  No Changes to `~/.julia/environments/v1.10/Project.toml`
  No Changes to `~/.julia/environments/v1.10/Manifest.toml`
Precompiling project...
  ? ApproxFun
  ? TracyWidomBeta
   Resolving package versions...
  No Changes to `~/.julia/environments/v1.10/Project.toml`
  No Changes to `~/.julia/environments/v1.10/Manifest.toml`
Precompiling project...
  ? ApproxFun
  ? TracyWidomBeta
   Resolving package versions...
  No Changes to `~/.julia/environments/v1.10/Project.toml`
  No Changes to `~/.julia/environments/v1.10/Manifest.toml`
Precompiling project...
  ? ApproxFun
  ? TracyWidomBeta
   Resolving package versions...
  No Changes to `~/.julia/environments/v1.10/Project.toml`
  No Changes to `~/.julia/environments/v1.10/Manifest.toml`
Precompiling project...
  ? ApproxFun
  ? TracyWidomBeta
   Resolving package versions...
  No Changes to `~/.julia/environments/v1.10/Project.toml`
  No Changes to `~/.julia/environments/v1.10/Manifest.toml`
Precompiling project...
  ? ApproxFun
  ? TracyWidomBeta
WARNING: Method definition eigvals(ApproxFunBase.Operator{T} where T, Integer) in module ApproxFunBase at /mmfs1/home/cyounes/.julia/packages/ApproxFunBase/wPgxd/src/eigen.jl:4 overwritten in module ApproxFun at /mmfs1/home/cyounes/.julia/packages/ApproxFun/GDlBJ/src/Extras/eigs.jl:4.
ERROR: Method overwriting is not permitted during Module precompilation. Use `__precompile__(false)` to opt-out of precompilation.
WARNING: Method definition eigvals(ApproxFunBase.Operator{T} where T, Integer) in module ApproxFunBase at /mmfs1/home/cyounes/.julia/packages/ApproxFunBase/wPgxd/src/eigen.jl:4 overwritten in module ApproxFun at /mmfs1/home/cyounes/.julia/packages/ApproxFun/GDlBJ/src/Extras/eigs.jl:4.
ERROR: Method overwriting is not permitted during Module precompilation. Use `__precompile__(false)` to opt-out of precompilation.
Block 1 with δ=1.5
Block 1 with δ=1.51
Block 1 with δ=1.52
Block 1 with δ=1.53
Block 1 with δ=1.54
Block 1 with δ=1.55
Block 1 with δ=1.56
Block 1 with δ=1.57
Block 1 with δ=1.58
Block 1 with δ=1.59
Block 1 with δ=1.6
Block 1 with δ=1.61
Block 1 with δ=1.62
Block 1 with δ=1.63
Block 1 with δ=1.64
Block 1 with δ=1.65
Block 1 with δ=1.66
Block 1 with δ=1.67
Block 1 with δ=1.68
Block 1 with δ=1.69
Block 1 with δ=1.7
Block 1 with δ=1.71
Block 1 with δ=1.72
Block 1 with δ=1.73
Block 1 with δ=1.74
Block 1 with δ=1.75
Block 1 with δ=1.76
Block 1 with δ=1.77
Block 1 with δ=1.78
Block 1 with δ=1.79
Block 1 with δ=1.8
Block 1 with δ=1.81
Block 1 with δ=1.82
Block 1 with δ=1.83
Block 1 with δ=1.84
Block 1 with δ=1.85
Block 1 with δ=1.86
Block 1 with δ=1.87
Block 1 with δ=1.88
Block 1 with δ=1.89
Block 1 with δ=1.9
Block 1 with δ=1.91
Block 1 with δ=1.92
Block 1 with δ=1.93
Block 1 with δ=1.94
Block 1 with δ=1.95
Block 1 with δ=1.96
Block 1 with δ=1.97
Block 1 with δ=1.98
Block 1 with δ=1.99
Block 1 with δ=2.0
Block 1 with δ=2.01
Block 1 with δ=2.02
